==============================================================================================
                    OLS and IV estimation - advanced version with data file
==============================================================================================

Data generating process (DGP)
True coefficients (beta):  1.000 1.000 1.000 1.000 
True coefficients (delta): -0.500 
True E(X'U):               0.000 
Sample size:               20000 

File used to store the data: ./OLS_IV_data.dat

----------------------------------------------------------------------------------------
Variable        Mean     Std Dev      Variance     Minimum     Maximum     Valid Missing
----------------------------------------------------------------------------------------

y              3.799        2.05         4.202      -3.601       11.47     20000    0 
x1            0.8017      0.3987         0.159           0           1     20000    0 
x2             1.001       1.002         1.003      -3.016       4.741     20000    0 
x3             1.005       1.003         1.007      -2.835       4.903     20000    0 
x4           -0.5159       1.115         1.244      -5.702       4.294     20000    0 

==============================================================================================
Estimation output of OLS estimation.  Sample size: 20000 
 Bootstrap replications: 1000   Dependent variable: y
----------------------------------------------------------------------------------------------
Variable    Coefficient    Std.Error    Std.E.Boot   t - value
   const        0.997        0.018        0.017       55.541 
      x1        0.987        0.018        0.018       55.254 
      x2        1.005        0.008        0.008      122.595 
      x3        0.999        0.008        0.008      122.019 
----------------------------------------------------------------------------------------------

==============================================================================================
Estimation output of IV estimation.  Sample size: 20000 
 Bootstrap replications: 1000   Dependent variable: y
Name of instruments: x4
----------------------------------------------------------------------------------------------
Variable    Coefficient    Std.Error    Std.E.Boot   t - value
   const        0.991        0.020        0.020       49.281 
      x1        0.986        0.018        0.018       55.197 
      x2        0.999        0.013        0.013       79.823 
      x3        1.012        0.021        0.021       49.099 
----------------------------------------------------------------------------------------------

File used to store the prediction: ./OLS_IV_pred.dat

-----------------------------------------------------------------------------------------
Variable         Mean     Std Dev      Variance     Minimum     Maximum     Valid Missing
-----------------------------------------------------------------------------------------

ols_pred        3.799       1.786         3.189      -3.621       9.844     20000    0 
iv_pred         3.799       1.791         3.208      -3.637       9.854     20000    0 
x1             0.8017      0.3987         0.159           0           1     20000    0 
x2              1.001       1.002         1.003      -3.016       4.741     20000    0 
x3              1.005       1.003         1.007      -2.835       4.903     20000    0 
===============================================
Duration of programme was 3.37 seconds
===============================================
